<?xml version="1.0" encoding="UTF-8"?>
<!-- Generated by org.testng.reporters.JUnitReportReporter -->
<testsuite hostname="DESKTOP-D81VS65" failures="0" tests="1" name="Practice.Jdbc_connector" time="1.092" errors="0" timestamp="2023-04-24T15:54:10 IST" skipped="0">
  <testcase classname="Practice.Jdbc_connector" name="database" time="1.092"/>
  <system-out/>
</testsuite> <!-- Practice.Jdbc_connector -->
