<?xml version="1.0" encoding="UTF-8"?>
<!-- Generated by org.testng.reporters.JUnitReportReporter -->
<testsuite hostname="DESKTOP-D81VS65" failures="0" tests="1" name="com.hyr.Tests.Base_class" time="9.391" errors="0" timestamp="2023-04-13T09:44:31 IST" skipped="0">
  <testcase classname="com.hyr.Tests.Base_class" name="f" time="9.391"/>
  <system-out/>
</testsuite> <!-- com.hyr.Tests.Base_class -->
